[debug] [2023-06-07T13:30:01.649Z] ----------------------------------------------------------------------
[debug] [2023-06-07T13:30:01.650Z] Command:       C:\Program Files\nodejs\node.exe C:\Users\alami\AppData\Roaming\npm\node_modules\firebase-tools\lib\bin\firebase.js deploy
[debug] [2023-06-07T13:30:01.650Z] CLI Version:   12.0.0
[debug] [2023-06-07T13:30:01.650Z] Platform:      win32
[debug] [2023-06-07T13:30:01.651Z] Node Version:  v16.16.0
[debug] [2023-06-07T13:30:01.651Z] Time:          Wed Jun 07 2023 21:30:01 GMT+0800 (চীন মানক সময়)
[debug] [2023-06-07T13:30:01.651Z] ----------------------------------------------------------------------
[debug] 
[debug] [2023-06-07T13:30:01.654Z] >>> [apiv2][query] GET https://firebase-public.firebaseio.com/cli.json [none]
[debug] [2023-06-07T13:30:01.735Z] > command requires scopes: ["email","openid","https://www.googleapis.com/auth/cloudplatformprojects.readonly","https://www.googleapis.com/auth/firebase","https://www.googleapis.com/auth/cloud-platform"]
[debug] [2023-06-07T13:30:01.736Z] > authorizing via signed-in user (alamin931761@gmail.com)
[debug] [2023-06-07T13:30:01.736Z] [iam] checking project the-story-keeper-73229 for permissions ["firebase.projects.get","firebasehosting.sites.update"]
[debug] [2023-06-07T13:30:01.737Z] > refreshing access token with scopes: []
[debug] [2023-06-07T13:30:01.738Z] >>> [apiv2][query] POST https://www.googleapis.com/oauth2/v3/token [none]
[debug] [2023-06-07T13:30:01.738Z] >>> [apiv2][body] POST https://www.googleapis.com/oauth2/v3/token [omitted]
[debug] [2023-06-07T13:30:08.166Z] <<< [apiv2][status] POST https://www.googleapis.com/oauth2/v3/token 200
[debug] [2023-06-07T13:30:08.166Z] <<< [apiv2][body] POST https://www.googleapis.com/oauth2/v3/token [omitted]
[debug] [2023-06-07T13:30:08.192Z] >>> [apiv2][query] POST https://cloudresourcemanager.googleapis.com/v1/projects/the-story-keeper-73229:testIamPermissions [none]
[debug] [2023-06-07T13:30:08.192Z] >>> [apiv2][(partial)header] POST https://cloudresourcemanager.googleapis.com/v1/projects/the-story-keeper-73229:testIamPermissions x-goog-quota-user=projects/the-story-keeper-73229
[debug] [2023-06-07T13:30:08.192Z] >>> [apiv2][body] POST https://cloudresourcemanager.googleapis.com/v1/projects/the-story-keeper-73229:testIamPermissions {"permissions":["firebase.projects.get","firebasehosting.sites.update"]}
[debug] [2023-06-07T13:30:09.991Z] <<< [apiv2][status] GET https://firebase-public.firebaseio.com/cli.json 200
[debug] [2023-06-07T13:30:09.992Z] <<< [apiv2][body] GET https://firebase-public.firebaseio.com/cli.json {"cloudBuildErrorAfter":1594252800000,"cloudBuildWarnAfter":1590019200000,"defaultNode10After":1594252800000,"minVersion":"3.0.5","node8DeploysDisabledAfter":1613390400000,"node8RuntimeDisabledAfter":1615809600000,"node8WarnAfter":1600128000000}
[debug] [2023-06-07T13:30:16.953Z] <<< [apiv2][status] POST https://cloudresourcemanager.googleapis.com/v1/projects/the-story-keeper-73229:testIamPermissions 200
[debug] [2023-06-07T13:30:16.954Z] <<< [apiv2][body] POST https://cloudresourcemanager.googleapis.com/v1/projects/the-story-keeper-73229:testIamPermissions {"permissions":["firebase.projects.get","firebasehosting.sites.update"]}
[debug] [2023-06-07T13:30:16.956Z] >>> [apiv2][query] GET https://firebase.googleapis.com/v1beta1/projects/the-story-keeper-73229 [none]
[debug] [2023-06-07T13:30:24.688Z] <<< [apiv2][status] GET https://firebase.googleapis.com/v1beta1/projects/the-story-keeper-73229 200
[debug] [2023-06-07T13:30:24.688Z] <<< [apiv2][body] GET https://firebase.googleapis.com/v1beta1/projects/the-story-keeper-73229 {"projectId":"the-story-keeper-73229","projectNumber":"199799106439","displayName":"the-story-keeper","name":"projects/the-story-keeper-73229","resources":{"hostingSite":"the-story-keeper-73229"},"state":"ACTIVE","etag":"1_da9cc63a-0dc9-46bd-a901-8e2170cd613c"}
[info] 
[info] === Deploying to 'the-story-keeper-73229'...
[info] 
[info] i  deploying hosting 
[debug] [2023-06-07T13:30:24.697Z] >>> [apiv2][query] POST https://firebasehosting.googleapis.com/v1beta1/projects/-/sites/the-story-keeper-73229/versions [none]
[debug] [2023-06-07T13:30:24.697Z] >>> [apiv2][body] POST https://firebasehosting.googleapis.com/v1beta1/projects/-/sites/the-story-keeper-73229/versions {"status":"CREATED","labels":{"deployment-tool":"cli-firebase"}}
[debug] [2023-06-07T13:30:33.699Z] <<< [apiv2][status] POST https://firebasehosting.googleapis.com/v1beta1/projects/-/sites/the-story-keeper-73229/versions 200
[debug] [2023-06-07T13:30:33.699Z] <<< [apiv2][body] POST https://firebasehosting.googleapis.com/v1beta1/projects/-/sites/the-story-keeper-73229/versions {"name":"projects/199799106439/sites/the-story-keeper-73229/versions/ec08f17d6ba17caf","status":"CREATED","config":{},"labels":{"deployment-tool":"cli-firebase"}}
[info] i  hosting[the-story-keeper-73229]: beginning deploy... 
[info] i  hosting[the-story-keeper-73229]: found 19 files in build 
[debug] [2023-06-07T13:30:33.717Z] [hosting] uploading with 200 concurrency
[debug] [2023-06-07T13:30:34.890Z] [hosting] hash cache [YnVpbGQ] stored for 19 files
[debug] [2023-06-07T13:30:34.891Z] [hosting][hash queue][FINAL] {"max":1147,"min":4,"avg":80.36842105263158,"active":0,"complete":19,"success":19,"errored":0,"retried":0,"total":19,"elapsed":1171}
[debug] [2023-06-07T13:30:34.891Z] >>> [apiv2][query] POST https://firebasehosting.googleapis.com/v1beta1/projects/199799106439/sites/the-story-keeper-73229/versions/ec08f17d6ba17caf:populateFiles [none]
[debug] [2023-06-07T13:30:34.891Z] >>> [apiv2][body] POST https://firebasehosting.googleapis.com/v1beta1/projects/199799106439/sites/the-story-keeper-73229/versions/ec08f17d6ba17caf:populateFiles {"files":{"/favicon.ico":"86d7fe52b5a1dac6519f0d9d8a06f8447d9de7f61de8f3ec156c55645da9b4f1","/logo192.png":"3ee59515172ee198f3be375979df15ac5345183e656720a381b8872b2a39dc8b","/logo512.png":"ee7e2f3fdb8209c4b6fd7bef6ba50d1b9dba30a25bb5c3126df057e1cb6f5331","/manifest.json":"aff3449bdc238776f5d6d967f19ec491b36aed5fb7f23ccff6500736fd58494a","/robots.txt":"bfe106a3fb878dc83461c86818bf74fc1bdc7f28538ba613cd3e775516ce8b49","/asset-manifest.json":"03c7cc30c9d1f291700af24f97673d13317e19eeb5b71c421063ba2bd2d3f7de","/index.html":"37709334d9b53d94c3cff842d70a87c0f77a3cedfdb04e9709262d6e802d3e9a","/static/js/787.4c85e691.chunk.js.map":"2eaf97c5daffc9e90993687cb72c4ea25daff9cd8b306d37ad0703ccdd16e159","/static/js/main.0f11e204.js.LICENSE.txt":"8a49a458ce4b3ae6a40b752e6edeba2fdd62e7b83e60fe0dc4dc3f3712acd767","/static/js/787.4c85e691.chunk.js":"857365486e82ed09381633ea7ac05e54dcb540a0182cffa065451eb46ee6e5d2","/static/media/logo.112b98a3897bdcc292d8.png":"5b8b46870c2f5b1e82bfe83963bc651343e17c662b4de38bd0b3815d6423fbd0","/static/css/main.b833ea4a.css":"4a41f241ac952d21edc92c4e29e01ae1754af058e1f3a7fe61c57c0dc757d75a","/static/css/main.b833ea4a.css.map":"4b93721ae3747419050a4a8dfba5af5fd85153a9d7f737e133817f17aca02729","/static/media/not-found.a21a8ee21bdf408168b1.png":"626997baf0a72bab46adb9bb433b6685f9eda345b12cd497f72117560d66c782","/static/js/main.0f11e204.js":"92725a41f0b5e5f3458e6daaac5967949884f3d1efa70feea3633921a2a41125","/static/media/carousel1.a87518e7849cd0b5f894.png":"2c91ccb559f152e2c9ac699413fc4a68c98d74b97d346df21eefc12b291ee1d4","/static/media/carousel2.7de82f7dc7cf564e80d4.png":"3cb924ec349a9c6a5ee84f738e5c7a471ba316b9a2fc67b41b6f3f25d3e92fea","/static/media/carousel3.ee6bba98807ab0608087.png":"86baee185cedb59fa66538aea1f5b31d7f388fe6a3ca8361ff4617e7d92b8fc4","/static/js/main.0f11e204.js.map":"4570fd445c4db7f69a69a9161f90064f1df7ef3b7166435ff297a6c2d44eba21"}}
[debug] [2023-06-07T13:30:41.531Z] <<< [apiv2][status] POST https://firebasehosting.googleapis.com/v1beta1/projects/199799106439/sites/the-story-keeper-73229/versions/ec08f17d6ba17caf:populateFiles 200
[debug] [2023-06-07T13:30:41.531Z] <<< [apiv2][body] POST https://firebasehosting.googleapis.com/v1beta1/projects/199799106439/sites/the-story-keeper-73229/versions/ec08f17d6ba17caf:populateFiles {"uploadRequiredHashes":["4a41f241ac952d21edc92c4e29e01ae1754af058e1f3a7fe61c57c0dc757d75a","4b93721ae3747419050a4a8dfba5af5fd85153a9d7f737e133817f17aca02729","4570fd445c4db7f69a69a9161f90064f1df7ef3b7166435ff297a6c2d44eba21","92725a41f0b5e5f3458e6daaac5967949884f3d1efa70feea3633921a2a41125","37709334d9b53d94c3cff842d70a87c0f77a3cedfdb04e9709262d6e802d3e9a","03c7cc30c9d1f291700af24f97673d13317e19eeb5b71c421063ba2bd2d3f7de"],"uploadUrl":"https://upload-firebasehosting.googleapis.com/upload/sites/the-story-keeper-73229/versions/ec08f17d6ba17caf/files"}
[debug] [2023-06-07T13:30:41.534Z] >>> [apiv2][query] POST https://upload-firebasehosting.googleapis.com/upload/sites/the-story-keeper-73229/versions/ec08f17d6ba17caf/files/4a41f241ac952d21edc92c4e29e01ae1754af058e1f3a7fe61c57c0dc757d75a [none]
[debug] [2023-06-07T13:30:41.534Z] >>> [apiv2][body] POST https://upload-firebasehosting.googleapis.com/upload/sites/the-story-keeper-73229/versions/ec08f17d6ba17caf/files/4a41f241ac952d21edc92c4e29e01ae1754af058e1f3a7fe61c57c0dc757d75a [stream]
[debug] [2023-06-07T13:30:41.535Z] >>> [apiv2][query] POST https://upload-firebasehosting.googleapis.com/upload/sites/the-story-keeper-73229/versions/ec08f17d6ba17caf/files/4b93721ae3747419050a4a8dfba5af5fd85153a9d7f737e133817f17aca02729 [none]
[debug] [2023-06-07T13:30:41.535Z] >>> [apiv2][body] POST https://upload-firebasehosting.googleapis.com/upload/sites/the-story-keeper-73229/versions/ec08f17d6ba17caf/files/4b93721ae3747419050a4a8dfba5af5fd85153a9d7f737e133817f17aca02729 [stream]
[debug] [2023-06-07T13:30:41.535Z] >>> [apiv2][query] POST https://upload-firebasehosting.googleapis.com/upload/sites/the-story-keeper-73229/versions/ec08f17d6ba17caf/files/4570fd445c4db7f69a69a9161f90064f1df7ef3b7166435ff297a6c2d44eba21 [none]
[debug] [2023-06-07T13:30:41.535Z] >>> [apiv2][body] POST https://upload-firebasehosting.googleapis.com/upload/sites/the-story-keeper-73229/versions/ec08f17d6ba17caf/files/4570fd445c4db7f69a69a9161f90064f1df7ef3b7166435ff297a6c2d44eba21 [stream]
[debug] [2023-06-07T13:30:41.536Z] >>> [apiv2][query] POST https://upload-firebasehosting.googleapis.com/upload/sites/the-story-keeper-73229/versions/ec08f17d6ba17caf/files/92725a41f0b5e5f3458e6daaac5967949884f3d1efa70feea3633921a2a41125 [none]
[debug] [2023-06-07T13:30:41.536Z] >>> [apiv2][body] POST https://upload-firebasehosting.googleapis.com/upload/sites/the-story-keeper-73229/versions/ec08f17d6ba17caf/files/92725a41f0b5e5f3458e6daaac5967949884f3d1efa70feea3633921a2a41125 [stream]
[debug] [2023-06-07T13:30:41.537Z] >>> [apiv2][query] POST https://upload-firebasehosting.googleapis.com/upload/sites/the-story-keeper-73229/versions/ec08f17d6ba17caf/files/37709334d9b53d94c3cff842d70a87c0f77a3cedfdb04e9709262d6e802d3e9a [none]
[debug] [2023-06-07T13:30:41.537Z] >>> [apiv2][body] POST https://upload-firebasehosting.googleapis.com/upload/sites/the-story-keeper-73229/versions/ec08f17d6ba17caf/files/37709334d9b53d94c3cff842d70a87c0f77a3cedfdb04e9709262d6e802d3e9a [stream]
[debug] [2023-06-07T13:30:41.537Z] >>> [apiv2][query] POST https://upload-firebasehosting.googleapis.com/upload/sites/the-story-keeper-73229/versions/ec08f17d6ba17caf/files/03c7cc30c9d1f291700af24f97673d13317e19eeb5b71c421063ba2bd2d3f7de [none]
[debug] [2023-06-07T13:30:41.537Z] >>> [apiv2][body] POST https://upload-firebasehosting.googleapis.com/upload/sites/the-story-keeper-73229/versions/ec08f17d6ba17caf/files/03c7cc30c9d1f291700af24f97673d13317e19eeb5b71c421063ba2bd2d3f7de [stream]
[debug] [2023-06-07T13:30:41.538Z] [hosting][populate queue][FINAL] {"max":6662,"min":6662,"avg":6662,"active":0,"complete":1,"success":1,"errored":0,"retried":0,"total":1,"elapsed":6667}
[debug] [2023-06-07T13:30:41.538Z] [hosting] uploads queued: 6
[debug] [2023-06-07T13:30:54.281Z] <<< [apiv2][status] POST https://upload-firebasehosting.googleapis.com/upload/sites/the-story-keeper-73229/versions/ec08f17d6ba17caf/files/03c7cc30c9d1f291700af24f97673d13317e19eeb5b71c421063ba2bd2d3f7de 200
[debug] [2023-06-07T13:30:54.281Z] <<< [apiv2][body] POST https://upload-firebasehosting.googleapis.com/upload/sites/the-story-keeper-73229/versions/ec08f17d6ba17caf/files/03c7cc30c9d1f291700af24f97673d13317e19eeb5b71c421063ba2bd2d3f7de [stream]
[debug] [2023-06-07T13:30:54.282Z] <<< [apiv2][status] POST https://upload-firebasehosting.googleapis.com/upload/sites/the-story-keeper-73229/versions/ec08f17d6ba17caf/files/37709334d9b53d94c3cff842d70a87c0f77a3cedfdb04e9709262d6e802d3e9a 200
[debug] [2023-06-07T13:30:54.283Z] <<< [apiv2][body] POST https://upload-firebasehosting.googleapis.com/upload/sites/the-story-keeper-73229/versions/ec08f17d6ba17caf/files/37709334d9b53d94c3cff842d70a87c0f77a3cedfdb04e9709262d6e802d3e9a [stream]
[debug] [2023-06-07T13:31:02.417Z] <<< [apiv2][status] POST https://upload-firebasehosting.googleapis.com/upload/sites/the-story-keeper-73229/versions/ec08f17d6ba17caf/files/4b93721ae3747419050a4a8dfba5af5fd85153a9d7f737e133817f17aca02729 200
[debug] [2023-06-07T13:31:02.417Z] <<< [apiv2][body] POST https://upload-firebasehosting.googleapis.com/upload/sites/the-story-keeper-73229/versions/ec08f17d6ba17caf/files/4b93721ae3747419050a4a8dfba5af5fd85153a9d7f737e133817f17aca02729 [stream]
[debug] [2023-06-07T13:31:08.820Z] <<< [apiv2][status] POST https://upload-firebasehosting.googleapis.com/upload/sites/the-story-keeper-73229/versions/ec08f17d6ba17caf/files/4a41f241ac952d21edc92c4e29e01ae1754af058e1f3a7fe61c57c0dc757d75a 200
[debug] [2023-06-07T13:31:08.820Z] <<< [apiv2][body] POST https://upload-firebasehosting.googleapis.com/upload/sites/the-story-keeper-73229/versions/ec08f17d6ba17caf/files/4a41f241ac952d21edc92c4e29e01ae1754af058e1f3a7fe61c57c0dc757d75a [stream]
[debug] [2023-06-07T13:31:11.959Z] [uploadQueue] Retrying task 92725a41f0b5e5f3458e6daaac5967949884f3d1efa70feea3633921a2a41125
[debug] [2023-06-07T13:31:11.960Z] >>> [apiv2][query] POST https://upload-firebasehosting.googleapis.com/upload/sites/the-story-keeper-73229/versions/ec08f17d6ba17caf/files/92725a41f0b5e5f3458e6daaac5967949884f3d1efa70feea3633921a2a41125 [none]
[debug] [2023-06-07T13:31:11.960Z] >>> [apiv2][body] POST https://upload-firebasehosting.googleapis.com/upload/sites/the-story-keeper-73229/versions/ec08f17d6ba17caf/files/92725a41f0b5e5f3458e6daaac5967949884f3d1efa70feea3633921a2a41125 [stream]
[debug] [2023-06-07T13:31:36.161Z] <<< [apiv2][status] POST https://upload-firebasehosting.googleapis.com/upload/sites/the-story-keeper-73229/versions/ec08f17d6ba17caf/files/92725a41f0b5e5f3458e6daaac5967949884f3d1efa70feea3633921a2a41125 200
[debug] [2023-06-07T13:31:36.162Z] <<< [apiv2][body] POST https://upload-firebasehosting.googleapis.com/upload/sites/the-story-keeper-73229/versions/ec08f17d6ba17caf/files/92725a41f0b5e5f3458e6daaac5967949884f3d1efa70feea3633921a2a41125 [stream]
[debug] [2023-06-07T13:39:25.159Z] [uploadQueue] Retrying task 4570fd445c4db7f69a69a9161f90064f1df7ef3b7166435ff297a6c2d44eba21
[debug] [2023-06-07T13:39:25.161Z] >>> [apiv2][query] POST https://upload-firebasehosting.googleapis.com/upload/sites/the-story-keeper-73229/versions/ec08f17d6ba17caf/files/4570fd445c4db7f69a69a9161f90064f1df7ef3b7166435ff297a6c2d44eba21 [none]
[debug] [2023-06-07T13:39:25.161Z] >>> [apiv2][body] POST https://upload-firebasehosting.googleapis.com/upload/sites/the-story-keeper-73229/versions/ec08f17d6ba17caf/files/4570fd445c4db7f69a69a9161f90064f1df7ef3b7166435ff297a6c2d44eba21 [stream]
